nohup: ignoring input
2022-09-06 16:17:21 (INFO): program start up
2022-09-06 16:17:21 (INFO): command: /home/comp/zmzhang/code/Barcode_Clustering/Pangaea_public/pangaea.py -1 reads1.fq.gz -2 reads2.fq.gz -sp contigs.fa -lc flye-input-contigs.fa -at athena.asm.fa -c 5 -o pangaea
2022-09-06 16:17:21 (INFO): Namespace(athena='athena.asm.fa', batch_size=2048, clusters=5, dropout=0.2, epochs=100, kmer=15, latent_dim=32, local_assembly='flye-input-contigs.fa', low_abd_cut='10,30,50,70,90', lr=0.005, min_length=2000, num_gpus=1, output='pangaea', patience=20, reads1='reads1.fq.gz', reads2='reads2.fq.gz', spades='contigs.fa', threads=100, use_cuda=False, vector_size=400, weight_alpha=0.1, weight_decay=0.0001, weight_kl=0.015, window_size=10)
2022-09-06 16:17:21 (INFO): command started: mkdir pangaea/1.features
2022-09-06 16:17:21 (INFO): command completed: mkdir pangaea/1.features
2022-09-06 16:17:21 (INFO): command started: pigz -dc reads1.fq.gz reads2.fq.gz | jellyfish count -t 100 -C -m 15 -s 5G -o pangaea/1.features/abundance.k15.count --min-qual-char=? /dev/fd/0
2022-09-06 16:17:21 (INFO): command started: /home/comp/zmzhang/code/Barcode_Clustering/Pangaea_public/bin/count_tnf -1 reads1.fq.gz -2 reads2.fq.gz -k 4 -t 100 -l 2000 -o pangaea/1.features/tnf.m2000.gz
2022-09-06 16:17:23 (INFO): command completed: /home/comp/zmzhang/code/Barcode_Clustering/Pangaea_public/bin/count_tnf -1 reads1.fq.gz -2 reads2.fq.gz -k 4 -t 100 -l 2000 -o pangaea/1.features/tnf.m2000.gz
2022-09-06 16:17:23 (INFO): load tnf
2022-09-06 16:17:23 (INFO): tnf shape (5856, 136)
2022-09-06 16:24:38 (INFO): command completed: pigz -dc reads1.fq.gz reads2.fq.gz | jellyfish count -t 100 -C -m 15 -s 5G -o pangaea/1.features/abundance.k15.count --min-qual-char=? /dev/fd/0
2022-09-06 16:24:38 (INFO): command started: jellyfish dump -c -t pangaea/1.features/abundance.k15.count -o pangaea/1.features/abundance.k15.dump
2022-09-06 16:24:40 (INFO): command completed: jellyfish dump -c -t pangaea/1.features/abundance.k15.count -o pangaea/1.features/abundance.k15.dump
2022-09-06 16:24:40 (INFO): command started: /home/comp/zmzhang/code/Barcode_Clustering/Pangaea_public/bin/count_kmer -1 reads1.fq.gz -2 reads2.fq.gz -t 100 -g pangaea/1.features/abundance.k15.dump -k 15 -l 2000 -w 10 -v 400 -o pangaea/1.features/abundance.k15.v400.w10.m2000.gz
2022-09-06 16:24:49 (INFO): command completed: /home/comp/zmzhang/code/Barcode_Clustering/Pangaea_public/bin/count_kmer -1 reads1.fq.gz -2 reads2.fq.gz -t 100 -g pangaea/1.features/abundance.k15.dump -k 15 -l 2000 -w 10 -v 400 -o pangaea/1.features/abundance.k15.v400.w10.m2000.gz
2022-09-06 16:24:49 (INFO): load abundance
2022-09-06 16:24:50 (INFO): abundance shape (5856, 400)
2022-09-06 16:24:50 (INFO): calculate sampling weights
2022-09-06 16:24:50 (INFO): normalize data
2022-09-06 16:24:50 (INFO): preprocessing completed
2022-09-06 16:24:50 (INFO): command started: mkdir pangaea/2.vae
2022-09-06 16:24:50 (INFO): command completed: mkdir pangaea/2.vae
2022-09-06 16:24:50 (INFO): train start
2022-09-06 16:24:59 (INFO): epoch 1/100 batch 3/3: train 134.76691182 abd 6.01424503 tnf 5.11751906 kl 660.81630452 | test 101.19484202
2022-09-06 16:25:13 (INFO): epoch 2/100 batch 3/3: train 107.65989939 abd 5.74299908 tnf 5.04357751 kl 121.08977254 | test 99.96333567
2022-09-06 16:25:23 (INFO): epoch 3/100 batch 3/3: train 102.31582642 abd 5.33793704 tnf 4.96671263 kl 51.54654566 | test 99.24653371
2022-09-06 16:25:34 (INFO): epoch 4/100 batch 3/3: train 101.05245717 abd 4.87089411 tnf 4.93821271 kl 52.36291885 | test 97.69679260
2022-09-06 16:25:38 (INFO): epoch 5/100 batch 3/3: train 99.25328064 abd 4.08577108 tnf 4.91672897 kl 50.33205287 | test 95.52252197
2022-09-06 16:25:46 (INFO): epoch 6/100 batch 3/3: train 97.33766429 abd 3.12221511 tnf 4.89396048 kl 52.67276001 | test 93.29269409
2022-09-06 16:25:55 (INFO): epoch 7/100 batch 3/3: train 94.82444509 abd 1.87141919 tnf 4.88030863 kl 48.92902501 | test 90.86315664
2022-09-06 16:26:06 (INFO): epoch 8/100 batch 3/3: train 92.69407908 abd 0.92479863 tnf 4.87365913 kl 39.78562673 | test 89.90571594
2022-09-06 16:26:11 (INFO): epoch 9/100 batch 3/3: train 91.69886525 abd 0.59224822 tnf 4.87163162 kl 31.18761317 | test 90.29187012
2022-09-06 16:26:20 (INFO): epoch 10/100 batch 3/3: train 97.21181997 abd 0.57041224 tnf 4.86767228 kl 151.12227249 | test 89.98497772
2022-09-06 16:26:24 (INFO): epoch 11/100 batch 3/3: train 91.54811096 abd 0.59194475 tnf 4.86130110 kl 32.01981417 | test 90.03634389
2022-09-06 16:26:32 (INFO): epoch 12/100 batch 3/3: train 91.57635752 abd 0.59621412 tnf 4.85764488 kl 33.89939753 | test 90.26282501
2022-09-06 16:26:41 (INFO): epoch 13/100 batch 3/3: train 91.51633453 abd 0.60389578 tnf 4.85429970 kl 33.65266228 | test 89.96205393
2022-09-06 16:26:45 (INFO): epoch 14/100 batch 3/3: train 91.09273275 abd 0.59467947 tnf 4.85385847 kl 25.11653392 | test 90.05117544
2022-09-06 16:26:50 (INFO): epoch 15/100 batch 3/3: train 90.94937897 abd 0.57341397 tnf 4.85162433 kl 23.68865267 | test 90.00194041
2022-09-06 16:26:54 (INFO): epoch 16/100 batch 3/3: train 90.52488708 abd 0.54300378 tnf 4.85419273 kl 14.71178373 | test 89.78834788
2022-09-06 16:26:59 (INFO): epoch 17/100 batch 3/3: train 90.39454651 abd 0.52952206 tnf 4.84917005 kl 14.37424405 | test 89.65809886
2022-09-06 16:27:04 (INFO): epoch 18/100 batch 3/3: train 90.16798910 abd 0.49534657 tnf 4.84446526 kl 12.59663041 | test 89.66791280
2022-09-06 16:27:09 (INFO): epoch 19/100 batch 3/3: train 90.59347280 abd 0.47965393 tnf 4.84625069 kl 21.53459962 | test 89.74192810
2022-09-06 16:27:13 (INFO): epoch 20/100 batch 3/3: train 90.12380981 abd 0.46738024 tnf 4.84232553 kl 13.48613675 | test 89.48668416
2022-09-06 16:27:18 (INFO): epoch 21/100 batch 3/3: train 90.61653137 abd 0.46326955 tnf 4.84269396 kl 23.99997330 | test 89.68944550
2022-09-06 16:27:23 (INFO): epoch 22/100 batch 3/3: train 90.93629456 abd 0.47745756 tnf 4.84005404 kl 31.34805616 | test 89.60591125
2022-09-06 16:27:28 (INFO): epoch 23/100 batch 3/3: train 90.39064789 abd 0.46572617 tnf 4.83814096 kl 20.87306468 | test 89.68191783
2022-09-06 16:27:33 (INFO): epoch 24/100 batch 3/3: train 90.03058879 abd 0.45572565 tnf 4.83674335 kl 14.09402943 | test 89.58499654
2022-09-06 16:27:38 (INFO): epoch 25/100 batch 3/3: train 90.11780294 abd 0.45578082 tnf 4.83658202 kl 16.01574357 | test 89.35270182
2022-09-06 16:27:43 (INFO): epoch 26/100 batch 3/3: train 89.94143931 abd 0.45204918 tnf 4.83513228 kl 12.95279694 | test 89.57081350
2022-09-06 16:27:48 (INFO): epoch 27/100 batch 3/3: train 90.15297953 abd 0.44336622 tnf 4.83572785 kl 17.54208374 | test 89.64466604
2022-09-06 16:27:53 (INFO): epoch 28/100 batch 3/3: train 90.21380361 abd 0.43915757 tnf 4.83465528 kl 19.40871938 | test 89.63677979
2022-09-06 16:27:58 (INFO): epoch 29/100 batch 3/3: train 90.01633708 abd 0.44078029 tnf 4.83598455 kl 14.61872069 | test 89.49458313
2022-09-06 16:28:03 (INFO): epoch 30/100 batch 3/3: train 89.94182587 abd 0.44703074 tnf 4.83368063 kl 13.70707862 | test 89.52380117
2022-09-06 16:28:08 (INFO): epoch 31/100 batch 3/3: train 89.87431844 abd 0.43897011 tnf 4.83286015 kl 12.87461154 | test 89.51872762
2022-09-06 16:28:13 (INFO): epoch 32/100 batch 3/3: train 89.66825867 abd 0.43186443 tnf 4.83218288 kl 8.99634918 | test 89.60717265
2022-09-06 16:28:18 (INFO): epoch 33/100 batch 3/3: train 89.58799744 abd 0.43653650 tnf 4.83208815 kl 7.15479072 | test 89.51643117
2022-09-06 16:28:24 (INFO): epoch 34/100 batch 3/3: train 89.52563985 abd 0.43045106 tnf 4.83107392 kl 6.43751144 | test 89.34339905
2022-09-06 16:28:29 (INFO): epoch 35/100 batch 3/3: train 89.56120809 abd 0.43338246 tnf 4.83107980 kl 7.08964491 | test 89.40711975
2022-09-06 16:28:34 (INFO): epoch 36/100 batch 3/3: train 89.58541870 abd 0.43202614 tnf 4.83184385 kl 7.35589584 | test 89.62730408
2022-09-06 16:28:39 (INFO): epoch 37/100 batch 3/3: train 89.78277588 abd 0.43627912 tnf 4.83181302 kl 11.42680836 | test 89.47023519
2022-09-06 16:28:44 (INFO): epoch 38/100 batch 3/3: train 90.11416626 abd 0.43720383 tnf 4.83319887 kl 17.92191855 | test 89.54778544
2022-09-06 16:28:49 (INFO): epoch 39/100 batch 3/3: train 89.85173798 abd 0.45793991 tnf 4.83172623 kl 12.16061783 | test 89.89437612
2022-09-06 16:28:54 (INFO): epoch 40/100 batch 3/3: train 90.61487071 abd 0.47467675 tnf 4.83210357 kl 27.69735463 | test 90.25280253
2022-09-06 16:28:59 (INFO): epoch 41/100 batch 3/3: train 90.48747762 abd 0.45505863 tnf 4.83205350 kl 25.69773674 | test 89.80836233
2022-09-06 16:29:04 (INFO): epoch 42/100 batch 3/3: train 89.86075338 abd 0.44479328 tnf 4.83099206 kl 13.10796324 | test 89.45351664
2022-09-06 16:29:09 (INFO): epoch 43/100 batch 3/3: train 89.62474569 abd 0.43153491 tnf 4.83004284 kl 8.91627677 | test 89.36919912
2022-09-06 16:29:14 (INFO): epoch 44/100 batch 3/3: train 89.56259155 abd 0.42947902 tnf 4.83038489 kl 7.52975003 | test 89.20299530
2022-09-06 16:29:20 (INFO): epoch 45/100 batch 3/3: train 89.48016866 abd 0.43402219 tnf 4.82908026 kl 6.11956485 | test 89.36684418
2022-09-06 16:29:25 (INFO): epoch 46/100 batch 3/3: train 89.43775686 abd 0.42696980 tnf 4.82876587 kl 5.58874416 | test 89.27704366
2022-09-06 16:29:30 (INFO): epoch 47/100 batch 3/3: train 89.42670186 abd 0.42575901 tnf 4.82890097 kl 5.34333928 | test 89.21448008
2022-09-06 16:29:35 (INFO): epoch 48/100 batch 3/3: train 89.41631063 abd 0.41922556 tnf 4.82930819 kl 5.19502099 | test 89.29492188
2022-09-06 16:29:40 (INFO): epoch 49/100 batch 3/3: train 89.39953613 abd 0.42049709 tnf 4.82906993 kl 4.88500579 | test 89.26549021
2022-09-06 16:29:45 (INFO): epoch 50/100 batch 3/3: train 89.42617798 abd 0.42900395 tnf 4.82970667 kl 4.90156523 | test 89.28318278
2022-09-06 16:29:49 (INFO): epoch 51/100 batch 3/3: train 89.37174988 abd 0.42234824 tnf 4.82733313 kl 4.90508461 | test 89.31513723
2022-09-06 16:29:54 (INFO): epoch 52/100 batch 3/3: train 89.38317108 abd 0.41807896 tnf 4.82767487 kl 5.16713874 | test 89.45979055
2022-09-06 16:29:59 (INFO): epoch 53/100 batch 3/3: train 89.37611898 abd 0.42232818 tnf 4.82813676 kl 4.68493557 | test 89.41873423
2022-09-06 16:30:04 (INFO): epoch 54/100 batch 3/3: train 89.37819672 abd 0.41600552 tnf 4.82817141 kl 4.94084978 | test 89.34778595
2022-09-06 16:30:09 (INFO): epoch 55/100 batch 3/3: train 89.37286377 abd 0.42238554 tnf 4.82698266 kl 5.06442579 | test 89.33350372
2022-09-06 16:30:15 (INFO): epoch 56/100 batch 3/3: train 89.37398783 abd 0.41902096 tnf 4.82744726 kl 5.02669827 | test 89.32237752
2022-09-06 16:30:20 (INFO): epoch 57/100 batch 3/3: train 89.41146596 abd 0.41206948 tnf 4.82727718 kl 6.14010795 | test 89.44313812
2022-09-06 16:30:24 (INFO): epoch 58/100 batch 3/3: train 89.37208557 abd 0.42181893 tnf 4.82690700 kl 5.09768454 | test 89.32522837
2022-09-06 16:30:29 (INFO): epoch 59/100 batch 3/3: train 89.36295064 abd 0.42163248 tnf 4.82606920 kl 5.23673598 | test 89.23114014
2022-09-06 16:30:33 (INFO): epoch 60/100 batch 3/3: train 89.36699168 abd 0.41537294 tnf 4.82780615 kl 4.86704413 | test 89.38126628
2022-09-06 16:30:38 (INFO): epoch 61/100 batch 3/3: train 89.37430827 abd 0.41959365 tnf 4.82743708 kl 5.01712831 | test 89.28134664
2022-09-06 16:30:43 (INFO): epoch 62/100 batch 3/3: train 89.35988363 abd 0.41799763 tnf 4.82779312 kl 4.62702147 | test 89.28934733
2022-09-06 16:30:47 (INFO): epoch 63/100 batch 3/3: train 89.33620707 abd 0.41471754 tnf 4.82705212 kl 4.52837165 | test 89.08127085
2022-09-06 16:30:52 (INFO): epoch 64/100 batch 3/3: train 89.34578705 abd 0.41718204 tnf 4.82761780 kl 4.42396434 | test 89.26544189
2022-09-06 16:30:57 (INFO): epoch 65/100 batch 3/3: train 89.34225718 abd 0.41824125 tnf 4.82827918 kl 4.05234543 | test 89.12451426
2022-09-06 16:31:02 (INFO): epoch 66/100 batch 3/3: train 89.32410940 abd 0.41804271 tnf 4.82687918 kl 4.21946764 | test 89.35570272
2022-09-06 16:31:07 (INFO): epoch 67/100 batch 3/3: train 89.31590271 abd 0.41655532 tnf 4.82727400 kl 3.94306413 | test 89.25310516
2022-09-06 16:31:11 (INFO): epoch 68/100 batch 3/3: train 89.30408478 abd 0.41420529 tnf 4.82708104 kl 3.85002677 | test 89.30521393
2022-09-06 16:31:16 (INFO): epoch 69/100 batch 3/3: train 89.29125214 abd 0.41368198 tnf 4.82689031 kl 3.66943057 | test 89.17380524
2022-09-06 16:31:21 (INFO): epoch 70/100 batch 3/3: train 89.29069773 abd 0.41563515 tnf 4.82692353 kl 3.57508667 | test 89.42526499
2022-09-06 16:31:26 (INFO): epoch 71/100 batch 3/3: train 89.29589589 abd 0.42140650 tnf 4.82686249 kl 3.50433000 | test 89.16436513
2022-09-06 16:31:30 (INFO): epoch 72/100 batch 3/3: train 89.28696950 abd 0.41341838 tnf 4.82712619 kl 3.49530824 | test 89.03177389
2022-09-06 16:31:35 (INFO): epoch 73/100 batch 3/3: train 89.28043111 abd 0.41481817 tnf 4.82659133 kl 3.51494996 | test 89.34439087
2022-09-06 16:31:40 (INFO): epoch 74/100 batch 3/3: train 89.29571025 abd 0.41714951 tnf 4.82739592 kl 3.44343766 | test 89.66248322
2022-09-06 16:31:45 (INFO): epoch 75/100 batch 3/3: train 89.27356720 abd 0.41533750 tnf 4.82617140 kl 3.51416723 | test 89.46804555
2022-09-06 16:31:50 (INFO): epoch 76/100 batch 3/3: train 89.28806051 abd 0.41244800 tnf 4.82674376 kl 3.70259730 | test 89.25395203
2022-09-06 16:31:55 (INFO): epoch 77/100 batch 3/3: train 89.26422628 abd 0.41453529 tnf 4.82597844 kl 3.41888984 | test 89.09429423
2022-09-06 16:31:59 (INFO): epoch 78/100 batch 3/3: train 89.27641551 abd 0.41350804 tnf 4.82614597 kl 3.65002664 | test 89.23295593
2022-09-06 16:32:04 (INFO): epoch 79/100 batch 3/3: train 89.27457174 abd 0.41622596 tnf 4.82642762 kl 3.40381455 | test 89.16662343
2022-09-06 16:32:09 (INFO): epoch 80/100 batch 3/3: train 89.28015137 abd 0.41448620 tnf 4.82709869 kl 3.32252852 | test 89.18169149
2022-09-06 16:32:13 (INFO): epoch 81/100 batch 3/3: train 89.27184041 abd 0.41669172 tnf 4.82577705 kl 3.58321730 | test 89.14918772
2022-09-06 16:32:18 (INFO): epoch 82/100 batch 3/3: train 89.24079641 abd 0.40974459 tnf 4.82499727 kl 3.47308962 | test 89.26568095
2022-09-06 16:32:22 (INFO): epoch 83/100 batch 3/3: train 89.25870768 abd 0.40722113 tnf 4.82637390 kl 3.40707103 | test 89.30011495
2022-09-06 16:32:27 (INFO): epoch 84/100 batch 3/3: train 89.27629089 abd 0.41512316 tnf 4.82638216 kl 3.49759205 | test 89.24677277
2022-09-06 16:32:32 (INFO): epoch 85/100 batch 3/3: train 89.25940450 abd 0.41081999 tnf 4.82623180 kl 3.34929760 | test 89.40969594
2022-09-06 16:32:37 (INFO): epoch 86/100 batch 3/3: train 89.25334676 abd 0.41221312 tnf 4.82565610 kl 3.39553213 | test 89.27727000
2022-09-06 16:32:42 (INFO): epoch 87/100 batch 3/3: train 89.25677999 abd 0.41007758 tnf 4.82644081 kl 3.23798235 | test 89.15886943
2022-09-06 16:32:47 (INFO): epoch 88/100 batch 3/3: train 89.24723307 abd 0.41435616 tnf 4.82518403 kl 3.37321107 | test 89.24723816
2022-09-06 16:32:52 (INFO): epoch 89/100 batch 3/3: train 89.24686941 abd 0.40838829 tnf 4.82633177 kl 3.12949816 | test 89.26644643
2022-09-06 16:32:57 (INFO): epoch 90/100 batch 3/3: train 89.23832703 abd 0.41698691 tnf 4.82464965 kl 3.29847360 | test 89.33279419
2022-09-06 16:33:01 (INFO): epoch 91/100 batch 3/3: train 89.22992961 abd 0.40909605 tnf 4.82515955 kl 3.20095468 | test 89.14689128
2022-09-06 16:33:06 (INFO): epoch 92/100 batch 3/3: train 89.24990845 abd 0.40985812 tnf 4.82638502 kl 3.12112681 | test 89.26079305
2022-09-06 16:33:11 (INFO): epoch 93/100 batch 3/3: train 89.24577332 abd 0.40734162 tnf 4.82614819 kl 3.21491901 | test 89.21984609
2022-09-06 16:33:15 (INFO): epoch 94/100 batch 3/3: train 89.24669139 abd 0.41693107 tnf 4.82563527 kl 3.09354361 | test 89.36598969
2022-09-06 16:33:21 (INFO): epoch 95/100 batch 3/3: train 89.22943115 abd 0.41044136 tnf 4.82527526 kl 3.09717774 | test 89.28625743
2022-09-06 16:33:26 (INFO): epoch 96/100 batch 3/3: train 89.22201538 abd 0.40604248 tnf 4.82542896 kl 3.03555957 | test 89.34846242
2022-09-06 16:33:30 (INFO): epoch 97/100 batch 3/3: train 89.25680033 abd 0.41452799 tnf 4.82641109 kl 3.09165637 | test 89.38112386
2022-09-06 16:33:35 (INFO): epoch 98/100 batch 3/3: train 89.23961385 abd 0.40612363 tnf 4.82574034 kl 3.28638395 | test 89.32171885
2022-09-06 16:33:40 (INFO): epoch 99/100 batch 3/3: train 89.25145467 abd 0.41678144 tnf 4.82616536 kl 2.99345001 | test 89.30188243
2022-09-06 16:33:44 (INFO): epoch 100/100 batch 3/3: train 89.25824738 abd 0.41605632 tnf 4.82600991 kl 3.22497320 | test 89.30174001
/home/comp/zmzhang/software/anaconda3/lib/python3.7/site-packages/sklearn/utils/validation.py:70: FutureWarning: Pass metric=euclidean as keyword args. From version 0.25 passing these as positional arguments will result in an error
  FutureWarning)
2022-09-06 16:33:48 (INFO): command started: mkdir pangaea/3.clustering
2022-09-06 16:33:48 (INFO): command completed: mkdir pangaea/3.clustering
2022-09-06 16:33:48 (INFO): command started: /home/comp/zmzhang/code/Barcode_Clustering/Pangaea_public/bin/extract_reads -1 reads1.fq.gz -2 reads2.fq.gz -c pangaea/3.clustering/clusters.tsv -o pangaea/3.clustering/cluster
2022-09-06 16:33:51 (INFO): command completed: /home/comp/zmzhang/code/Barcode_Clustering/Pangaea_public/bin/extract_reads -1 reads1.fq.gz -2 reads2.fq.gz -c pangaea/3.clustering/clusters.tsv -o pangaea/3.clustering/cluster
2022-09-06 16:33:51 (INFO): mapping reads to contigs
2022-09-06 16:33:51 (INFO): command started: /home/comp/zmzhang/code/Barcode_Clustering/Pangaea_public/bin/bin_assembly.sh pangaea/3.clustering pangaea/4.assembly reads1.fq.gz reads2.fq.gz 100
2022-09-06 16:34:20 (INFO): command completed: /home/comp/zmzhang/code/Barcode_Clustering/Pangaea_public/bin/bin_assembly.sh pangaea/3.clustering pangaea/4.assembly reads1.fq.gz reads2.fq.gz 100
2022-09-06 16:34:20 (INFO): obtaining reads mapped to low-abundance contigs
2022-09-06 16:34:20 (INFO): command started: /home/comp/zmzhang/code/Barcode_Clustering/Pangaea_public/bin/low_abd_reads.sh pangaea/3.clustering pangaea/4.assembly 10
2022-09-06 16:34:23 (INFO): command completed: /home/comp/zmzhang/code/Barcode_Clustering/Pangaea_public/bin/low_abd_reads.sh pangaea/3.clustering pangaea/4.assembly 10
2022-09-06 16:34:23 (INFO): command started: /home/comp/zmzhang/code/Barcode_Clustering/Pangaea_public/bin/low_abd_reads.sh pangaea/3.clustering pangaea/4.assembly 30
2022-09-06 16:34:26 (INFO): command completed: /home/comp/zmzhang/code/Barcode_Clustering/Pangaea_public/bin/low_abd_reads.sh pangaea/3.clustering pangaea/4.assembly 30
2022-09-06 16:34:26 (INFO): command started: /home/comp/zmzhang/code/Barcode_Clustering/Pangaea_public/bin/low_abd_reads.sh pangaea/3.clustering pangaea/4.assembly 50
2022-09-06 16:34:29 (INFO): command completed: /home/comp/zmzhang/code/Barcode_Clustering/Pangaea_public/bin/low_abd_reads.sh pangaea/3.clustering pangaea/4.assembly 50
2022-09-06 16:34:29 (INFO): command started: /home/comp/zmzhang/code/Barcode_Clustering/Pangaea_public/bin/low_abd_reads.sh pangaea/3.clustering pangaea/4.assembly 70
2022-09-06 16:34:31 (INFO): command completed: /home/comp/zmzhang/code/Barcode_Clustering/Pangaea_public/bin/low_abd_reads.sh pangaea/3.clustering pangaea/4.assembly 70
2022-09-06 16:34:31 (INFO): command started: /home/comp/zmzhang/code/Barcode_Clustering/Pangaea_public/bin/low_abd_reads.sh pangaea/3.clustering pangaea/4.assembly 90
2022-09-06 16:34:37 (INFO): command completed: /home/comp/zmzhang/code/Barcode_Clustering/Pangaea_public/bin/low_abd_reads.sh pangaea/3.clustering pangaea/4.assembly 90
2022-09-06 16:34:37 (INFO): reassemble low-abundance contigs
2022-09-06 16:34:37 (INFO): command started: /home/comp/zmzhang/code/Barcode_Clustering/Pangaea_public/bin/low_assembly.sh pangaea/4.assembly contigs.fa 10 100
2022-09-06 16:34:37 (INFO): command started: /home/comp/zmzhang/code/Barcode_Clustering/Pangaea_public/bin/low_assembly.sh pangaea/4.assembly contigs.fa 30 100
2022-09-06 16:34:37 (INFO): command started: /home/comp/zmzhang/code/Barcode_Clustering/Pangaea_public/bin/low_assembly.sh pangaea/4.assembly contigs.fa 50 100
2022-09-06 16:34:37 (INFO): command started: /home/comp/zmzhang/code/Barcode_Clustering/Pangaea_public/bin/low_assembly.sh pangaea/4.assembly contigs.fa 70 100
2022-09-06 16:34:37 (INFO): command started: /home/comp/zmzhang/code/Barcode_Clustering/Pangaea_public/bin/low_assembly.sh pangaea/4.assembly contigs.fa 90 100
2022-09-06 16:38:50 (INFO): command completed: /home/comp/zmzhang/code/Barcode_Clustering/Pangaea_public/bin/low_assembly.sh pangaea/4.assembly contigs.fa 10 100
2022-09-06 16:39:04 (INFO): command completed: /home/comp/zmzhang/code/Barcode_Clustering/Pangaea_public/bin/low_assembly.sh pangaea/4.assembly contigs.fa 90 100
2022-09-06 16:39:06 (INFO): command completed: /home/comp/zmzhang/code/Barcode_Clustering/Pangaea_public/bin/low_assembly.sh pangaea/4.assembly contigs.fa 30 100
2022-09-06 16:39:09 (INFO): command completed: /home/comp/zmzhang/code/Barcode_Clustering/Pangaea_public/bin/low_assembly.sh pangaea/4.assembly contigs.fa 50 100
2022-09-06 16:39:09 (INFO): command completed: /home/comp/zmzhang/code/Barcode_Clustering/Pangaea_public/bin/low_assembly.sh pangaea/4.assembly contigs.fa 70 100
2022-09-06 16:39:09 (INFO): merge contigs with local assemblies
2022-09-06 16:39:09 (INFO): command started: /home/comp/zmzhang/code/Barcode_Clustering/Pangaea_public/bin/merge_asm.sh pangaea/3.clustering pangaea/4.assembly flye-input-contigs.fa athena.asm.fa contigs.fa /home/comp/zmzhang/code/Barcode_Clustering/Pangaea_public/bin/Lathe/Snakefile
2022-09-06 16:43:48 (INFO): command completed: /home/comp/zmzhang/code/Barcode_Clustering/Pangaea_public/bin/merge_asm.sh pangaea/3.clustering pangaea/4.assembly flye-input-contigs.fa athena.asm.fa contigs.fa /home/comp/zmzhang/code/Barcode_Clustering/Pangaea_public/bin/Lathe/Snakefile
2022-09-06 16:43:48 (INFO): program finished successfully
Note: w of RPH is automatically set to 1.311476230621338
